<?xml version="1.0" encoding="UTF-8"?>
<testsuites name="TC101" time="6.924" tests="1" failures="0" errors="0">
   <testsuite name="TC101" tests="1" failures="0" errors="0" time="6.924" skipped="0" timestamp="2566-01-27 11:40:06" hostname="Administrator - 10.53.16.229" id="Test Suites/TC101">
      <properties>
         <property name="deviceName" value=""/>
         <property name="devicePlatform" value=""/>
         <property name="logFolder" value="C:\\Users\\Administrator\\Katalon Studio\\indeedTest\\Reports\\25660127_114001\\TC101\\25660127_114001"/>
         <property name="logFiles" value="C:\\Users\\Administrator\\Katalon Studio\\indeedTest\\Reports\\25660127_114001\\TC101\\25660127_114001\\execution0.log"/>
         <property name="attachments" value="C:\\Users\\Administrator\\Katalon Studio\\indeedTest\\Reports\\25660127_114001\\TC101\\25660127_114001\\1674794413149.png"/>
         <property name="hostName" value="Administrator - 10.53.16.229"/>
         <property name="os" value="Windows 10 64bit"/>
         <property name="katalonVersion" value="8.5.5.208"/>
         <property name="browser" value="Chrome 109.0.0.0"/>
         <property name="hostAddress" value="10.53.16.229"/>
         <property name="sessionId" value="75df402317173696bef30ba2c34b28ef"/>
         <property name="seleniumVersion" value="3.141.59"/>
         <property name="proxyInformation" value="ProxyInformation { proxyOption=NO_PROXY, proxyServerType=HTTP, username=, password=********, proxyServerAddress=, proxyServerPort=0, executionList=&quot;&quot;, isApplyToDesiredCapabilities=true }"/>
         <property name="platform" value="Windows 10"/>
      </properties>
      <testcase name="Test Cases/TC1003" time="6.721" classname="Test Cases/TC1003" status="PASSED">
         <system-out><![CDATA[2566-01-27 11:40:07 - [TEST_CASE][PASSED] - Test Cases/TC1003: Test Cases/TC1003

2566-01-27 11:40:07 - [TEST_STEP][PASSED] - openBrowser(""): Browser is opened with url: ''

2566-01-27 11:40:07 - [MESSAGE][INFO] - Starting 'Chrome' driver

2566-01-27 11:40:07 - [MESSAGE][INFO] - Action delay is set to 0 milliseconds

2566-01-27 11:40:09 - [MESSAGE][PASSED] - Browser is opened with url: ''

2566-01-27 11:40:09 - [TEST_STEP][PASSED] - navigateToUrl("https://th.indeed.com/"): Navigate to 'https://th.indeed.com/' successfully

2566-01-27 11:40:11 - [MESSAGE][PASSED] - Navigate to 'https://th.indeed.com/' successfully

2566-01-27 11:40:11 - [TEST_STEP][PASSED] - click(findTestObject("Page_Job Search  Indeed/button_Find jobs")): Object: 'Object Repository/Page_Job Search  Indeed/button_Find jobs' is clicked on

2566-01-27 11:40:11 - [MESSAGE][PASSED] - Object: 'Object Repository/Page_Job Search  Indeed/button_Find jobs' is clicked on

2566-01-27 11:40:11 - [TEST_STEP][PASSED] - verifyTextPresent("Enter a job title or location to start a search", false): Text 'Enter a job title or location to start a search' is present on page 

2566-01-27 11:40:12 - [MESSAGE][PASSED] - Text 'Enter a job title or location to start a search' is present on page 

2566-01-27 11:40:12 - [TEST_STEP][PASSED] - takeScreenshot(): Taking screenshot successfully

2566-01-27 11:40:13 - [MESSAGE][PASSED] - Taking screenshot successfully
[[ATTACHMENT|C:\\Users\\Administrator\\Katalon Studio\\indeedTest\\Reports\\25660127_114001\\TC101\\25660127_114001\\1674794413149.png]]

2566-01-27 11:40:13 - [TEST_STEP][PASSED] - closeBrowser(): Browser is closed

2566-01-27 11:40:13 - [MESSAGE][PASSED] - Browser is closed]]></system-out>
         <system-err><![CDATA[]]></system-err>
      </testcase>
      <system-out><![CDATA[2566-01-27 11:40:06 - [TEST_SUITE][PASSED] - TC101: Test Cases/TC1003]]></system-out>
      <system-err><![CDATA[]]></system-err>
   </testsuite>
</testsuites>
